TN:
SF:script/Deploy.s.sol
DA:28,0
FN:28,Deploy.run
FNDA:0,Deploy.run
DA:29,0
DA:30,0
DA:32,0
DA:33,0
DA:35,0
DA:38,0
DA:39,0
DA:42,0
BRDA:42,0,0,-
BRDA:42,0,1,-
DA:43,0
DA:44,0
DA:47,0
DA:48,0
DA:49,0
DA:50,0
DA:52,0
DA:55,0
DA:56,0
DA:57,0
DA:58,0
DA:59,0
DA:60,0
DA:61,0
DA:62,0
DA:63,0
DA:64,0
FNF:1
FNH:0
LF:26
LH:0
BRF:2
BRH:0
end_of_record
TN:
SF:script/PostDeployVerify.s.sol
DA:20,0
FN:20,PostDeployVerify.run
FNDA:0,PostDeployVerify.run
DA:21,0
DA:22,0
DA:23,0
DA:25,0
DA:26,0
DA:28,0
DA:31,0
DA:32,0
BRDA:32,0,0,-
BRDA:32,0,1,-
DA:33,0
DA:35,0
DA:36,0
DA:41,0
DA:42,0
BRDA:42,1,0,-
BRDA:42,1,1,-
DA:43,0
DA:45,0
DA:46,0
DA:50,0
DA:51,0
BRDA:51,2,0,-
BRDA:51,2,1,-
DA:52,0
DA:54,0
DA:55,0
DA:59,0
DA:60,0
DA:61,0
DA:63,0
BRDA:63,3,0,-
BRDA:63,3,1,-
DA:64,0
DA:66,0
DA:67,0
DA:70,0
BRDA:70,4,0,-
BRDA:70,4,1,-
DA:71,0
DA:73,0
DA:74,0
DA:77,0
BRDA:77,5,0,-
BRDA:77,5,1,-
DA:78,0
DA:80,0
DA:81,0
DA:84,0
DA:85,0
DA:86,0
DA:87,0
DA:88,0
DA:89,0
DA:90,0
DA:92,0
BRDA:92,6,0,-
BRDA:92,6,1,-
DA:93,0
DA:95,0
FNF:1
FNH:0
LF:47
LH:0
BRF:14
BRH:0
end_of_record
TN:
SF:src/amm/ResourceAMM.sol
DA:57,25
FN:57,ResourceAMM.constructor
FNDA:25,ResourceAMM.constructor
DA:58,25
BRDA:58,0,0,-
DA:59,0
DA:62,25
DA:63,25
DA:64,25
DA:72,1547
FN:72,ResourceAMM.getReserves
FNDA:1547,ResourceAMM.getReserves
DA:73,1547
DA:77,532
FN:77,ResourceAMM.addLiquidity
FNDA:532,ResourceAMM.addLiquidity
DA:78,532
BRDA:78,1,0,-
DA:80,532
DA:81,532
DA:82,532
DA:84,532
BRDA:84,2,0,18
BRDA:84,2,1,514
DA:85,18
DA:87,514
DA:88,514
DA:89,514
DA:92,532
BRDA:92,3,0,-
DA:94,532
DA:95,532
DA:97,532
DA:98,532
DA:100,532
DA:104,514
FN:104,ResourceAMM.removeLiquidity
FNDA:514,ResourceAMM.removeLiquidity
DA:109,514
BRDA:109,4,0,-
DA:111,514
DA:112,514
DA:113,514
DA:114,514
BRDA:114,5,0,-
DA:116,514
DA:117,514
DA:118,514
BRDA:118,6,0,-
DA:120,514
DA:121,514
DA:122,514
DA:123,514
DA:125,514
DA:129,515
FN:129,ResourceAMM.getAmountOut
FNDA:515,ResourceAMM.getAmountOut
DA:130,5402
BRDA:130,7,0,-
DA:131,5402
BRDA:131,8,0,-
DA:133,5402
DA:134,5402
DA:138,2497
FN:138,ResourceAMM.swapExactToken0ForToken1
FNDA:2497,ResourceAMM.swapExactToken0ForToken1
DA:143,2497
DA:147,2392
FN:147,ResourceAMM.swapExactToken1ForToken0
FNDA:2392,ResourceAMM.swapExactToken1ForToken0
DA:152,2392
DA:155,4889
FN:155,ResourceAMM._swap
FNDA:4889,ResourceAMM._swap
DA:164,4889
BRDA:164,9,0,1
DA:165,4888
BRDA:165,10,0,1
DA:167,4887
DA:168,4887
BRDA:168,11,0,72
DA:170,4815
DA:171,4815
DA:172,4815
DA:174,4815
DA:177,5861
FN:177,ResourceAMM._syncReserves
FNDA:5861,ResourceAMM._syncReserves
DA:178,5861
DA:179,5861
FNF:9
FNH:9
LF:59
LH:58
BRF:13
BRH:5
end_of_record
TN:
SF:src/amm/ResourceLPToken.sol
DA:14,25
FN:14,ResourceLPToken.constructor
FNDA:25,ResourceLPToken.constructor
DA:15,25
DA:18,532
FN:18,ResourceLPToken.onlyAMM
FNDA:532,ResourceLPToken.onlyAMM
DA:19,532
BRDA:19,0,0,-
DA:24,532
FN:24,ResourceLPToken.mint
FNDA:532,ResourceLPToken.mint
DA:25,532
DA:29,514
FN:29,ResourceLPToken.burn
FNDA:514,ResourceLPToken.burn
DA:30,514
FNF:4
FNH:4
LF:8
LH:8
BRF:1
BRH:0
end_of_record
TN:
SF:src/crafting/CraftingSystem.sol
DA:67,18
FN:67,CraftingSystem.constructor
FNDA:18,CraftingSystem.constructor
DA:68,18
DA:69,18
DA:70,18
DA:80,21
FN:80,CraftingSystem.setRecipe
FNDA:21,CraftingSystem.setRecipe
DA:88,20
BRDA:88,0,0,1
DA:89,19
BRDA:89,1,0,2
DA:91,17
DA:92,31
BRDA:92,2,0,2
DA:95,15
DA:96,15
DA:97,15
DA:98,15
DA:99,15
DA:100,15
DA:102,15
DA:107,2
FN:107,CraftingSystem.disableRecipe
FNDA:2,CraftingSystem.disableRecipe
DA:108,2
DA:109,2
BRDA:109,3,0,1
DA:110,1
DA:111,1
DA:117,265
FN:117,CraftingSystem.craft
FNDA:265,CraftingSystem.craft
DA:118,264
BRDA:118,4,0,1
DA:120,263
DA:121,263
BRDA:121,5,0,1
DA:123,262
DA:124,262
DA:125,524
DA:128,262
DA:130,261
DA:131,261
DA:133,261
DA:138,2
FN:138,CraftingSystem.getRecipe
FNDA:2,CraftingSystem.getRecipe
DA:149,2
DA:150,2
DA:154,3
FN:154,CraftingSystem.pause
FNDA:3,CraftingSystem.pause
DA:155,2
DA:159,2
FN:159,CraftingSystem.unpause
FNDA:2,CraftingSystem.unpause
DA:160,1
FNF:7
FNH:7
LF:39
LH:39
BRF:6
BRH:6
end_of_record
TN:
SF:src/factory/DeterministicAddressLib.sol
DA:9,1
FN:9,DeterministicAddressLib.predictPoolAddress
FNDA:1,DeterministicAddressLib.predictPoolAddress
DA:14,1
DA:15,1
FNF:1
FNH:1
LF:3
LH:3
BRF:0
BRH:0
end_of_record
TN:
SF:src/factory/GameFactory.sol
DA:26,5
FN:26,GameFactory.createPool
FNDA:5,GameFactory.createPool
DA:27,5
DA:28,4
DA:29,4
BRDA:29,0,0,1
DA:31,3
DA:32,3
DA:34,3
DA:38,4
FN:38,GameFactory.createPoolDeterministic
FNDA:4,GameFactory.createPoolDeterministic
DA:39,4
DA:40,4
DA:41,4
BRDA:41,1,0,-
DA:42,1
BRDA:42,2,0,1
DA:44,3
DA:45,3
DA:46,3
DA:48,3
DA:52,1
FN:52,GameFactory.predictPoolAddress
FNDA:1,GameFactory.predictPoolAddress
DA:53,1
DA:54,1
DA:58,5
FN:58,GameFactory.getPool
FNDA:5,GameFactory.getPool
DA:59,5
DA:60,5
DA:63,13
FN:63,GameFactory._pairKey
FNDA:13,GameFactory._pairKey
DA:64,13
DA:67,15
FN:67,GameFactory._sort
FNDA:15,GameFactory._sort
DA:68,15
BRDA:68,3,0,1
DA:69,14
FNF:6
FNH:6
LF:27
LH:27
BRF:4
BRH:3
end_of_record
TN:
SF:src/governance/GameFiGovernor.sol
DA:45,1
FN:45,GameFiGovernor.votingDelay
FNDA:1,GameFiGovernor.votingDelay
DA:46,5
DA:49,1
FN:49,GameFiGovernor.votingPeriod
FNDA:1,GameFiGovernor.votingPeriod
DA:50,5
DA:53,0
FN:53,GameFiGovernor.quorum
FNDA:0,GameFiGovernor.quorum
DA:54,6
DA:57,7
FN:57,GameFiGovernor.state
FNDA:7,GameFiGovernor.state
DA:58,17
DA:61,0
FN:61,GameFiGovernor.proposalNeedsQueuing
FNDA:0,GameFiGovernor.proposalNeedsQueuing
DA:67,0
DA:70,2
FN:70,GameFiGovernor.proposalThreshold
FNDA:2,GameFiGovernor.proposalThreshold
DA:71,7
DA:74,1
FN:74,GameFiGovernor._queueOperations
FNDA:1,GameFiGovernor._queueOperations
DA:81,1
DA:84,1
FN:84,GameFiGovernor._executeOperations
FNDA:1,GameFiGovernor._executeOperations
DA:91,1
DA:94,0
FN:94,GameFiGovernor._cancel
FNDA:0,GameFiGovernor._cancel
DA:100,0
DA:103,2
FN:103,GameFiGovernor._executor
FNDA:2,GameFiGovernor._executor
DA:104,2
FNF:10
FNH:7
LF:20
LH:15
BRF:0
BRH:0
end_of_record
TN:
SF:src/governance/GameFiTimelock.sol
DA:24,16
FN:24,GameFiTimelock._proposers
FNDA:16,GameFiTimelock._proposers
DA:25,16
DA:26,16
DA:29,16
FN:29,GameFiTimelock._executors
FNDA:16,GameFiTimelock._executors
DA:30,16
DA:31,16
FNF:2
FNH:2
LF:6
LH:6
BRF:0
BRH:0
end_of_record
TN:
SF:src/governance/GameGovernor.sol
DA:29,2
FN:29,GameGovernor.votingDelay
FNDA:2,GameGovernor.votingDelay
DA:30,3
DA:33,2
FN:33,GameGovernor.votingPeriod
FNDA:2,GameGovernor.votingPeriod
DA:34,3
DA:37,1
FN:37,GameGovernor.quorum
FNDA:1,GameGovernor.quorum
DA:38,5
DA:41,4
FN:41,GameGovernor.state
FNDA:4,GameGovernor.state
DA:42,8
DA:45,1
FN:45,GameGovernor.proposalThreshold
FNDA:1,GameGovernor.proposalThreshold
DA:46,2
DA:49,1
FN:49,GameGovernor.proposalNeedsQueuing
FNDA:1,GameGovernor.proposalNeedsQueuing
DA:55,1
DA:58,1
FN:58,GameGovernor._queueOperations
FNDA:1,GameGovernor._queueOperations
DA:65,1
DA:68,1
FN:68,GameGovernor._executeOperations
FNDA:1,GameGovernor._executeOperations
DA:75,1
DA:78,0
FN:78,GameGovernor._cancel
FNDA:0,GameGovernor._cancel
DA:84,0
DA:87,2
FN:87,GameGovernor._executor
FNDA:2,GameGovernor._executor
DA:88,2
DA:91,1
FN:91,GameGovernor.supportsInterface
FNDA:1,GameGovernor.supportsInterface
DA:92,1
FNF:11
FNH:10
LF:22
LH:20
BRF:0
BRH:0
end_of_record
TN:
SF:src/governance/GovernanceActions.sol
DA:10,2
FN:10,GovernanceActions.constructor
FNDA:2,GovernanceActions.constructor
DA:11,2
DA:14,2
FN:14,GovernanceActions.updateFeeConfig
FNDA:2,GovernanceActions.updateFeeConfig
DA:15,1
DA:16,1
DA:19,1
FN:19,GovernanceActions.updateFeatureFlags
FNDA:1,GovernanceActions.updateFeatureFlags
DA:23,1
DA:24,1
FNF:3
FNH:3
LF:8
LH:8
BRF:0
BRH:0
end_of_record
TN:
SF:src/governance/ProtocolConfig.sol
DA:23,4
FN:23,ProtocolConfig.constructor
FNDA:4,ProtocolConfig.constructor
DA:26,4
DA:27,4
DA:28,4
DA:31,3
FN:31,ProtocolConfig.setMarketplaceFeeBps
FNDA:3,ProtocolConfig.setMarketplaceFeeBps
DA:32,2
DA:33,2
DA:36,3
FN:36,ProtocolConfig.setLootFeeBps
FNDA:3,ProtocolConfig.setLootFeeBps
DA:37,2
DA:38,2
DA:41,2
FN:41,ProtocolConfig.setTreasury
FNDA:2,ProtocolConfig.setTreasury
DA:42,1
DA:43,1
DA:46,1
FN:46,ProtocolConfig.setOracleHeartbeat
FNDA:1,ProtocolConfig.setOracleHeartbeat
DA:47,1
DA:48,1
DA:51,2
FN:51,ProtocolConfig.setCraftingEnabled
FNDA:2,ProtocolConfig.setCraftingEnabled
DA:52,2
DA:53,2
DA:56,2
FN:56,ProtocolConfig.setLootTableEnabled
FNDA:2,ProtocolConfig.setLootTableEnabled
DA:57,2
DA:58,2
DA:61,1
FN:61,ProtocolConfig.oracleHeartbeat
FNDA:1,ProtocolConfig.oracleHeartbeat
DA:62,1
DA:65,2
FN:65,ProtocolConfig.craftingEnabled
FNDA:2,ProtocolConfig.craftingEnabled
DA:66,2
DA:69,2
FN:69,ProtocolConfig.lootTableEnabled
FNDA:2,ProtocolConfig.lootTableEnabled
DA:70,2
FNF:10
FNH:10
LF:28
LH:28
BRF:0
BRH:0
end_of_record
TN:
SF:src/libraries/TransferLib.sol
DA:10,3
FN:10,TransferLib.safeTransferNative
FNDA:3,TransferLib.safeTransferNative
DA:11,3
DA:12,3
BRDA:12,0,0,1
BRDA:12,0,1,2
DA:15,1
FN:15,TransferLib.safeTransferERC20
FNDA:1,TransferLib.safeTransferERC20
DA:16,1
DA:19,1
FN:19,TransferLib.safeTransferFromERC20
FNDA:1,TransferLib.safeTransferFromERC20
DA:20,1
FNF:3
FNH:3
LF:7
LH:7
BRF:2
BRH:2
end_of_record
TN:
SF:src/libraries/ValidationLib.sol
DA:7,2
FN:7,ValidationLib.requireNonZero
FNDA:2,ValidationLib.requireNonZero
DA:8,2
BRDA:8,0,0,1
DA:11,2
FN:11,ValidationLib.requireAmount
FNDA:2,ValidationLib.requireAmount
DA:12,2
BRDA:12,1,0,1
DA:15,2
FN:15,ValidationLib.requireMatchingLengths
FNDA:2,ValidationLib.requireMatchingLengths
DA:16,2
BRDA:16,2,0,1
FNF:3
FNH:3
LF:6
LH:6
BRF:3
BRH:3
end_of_record
TN:
SF:src/loot/LootDrop.sol
DA:53,13
FN:53,LootDrop.constructor
FNDA:13,LootDrop.constructor
DA:60,13
DA:61,13
DA:62,13
DA:63,13
DA:64,13
DA:65,13
DA:66,13
DA:67,13
DA:71,9
FN:71,LootDrop.requestLootDrop
FNDA:9,LootDrop.requestLootDrop
DA:72,9
BRDA:72,0,0,2
DA:73,2
DA:76,9
DA:77,9
DA:79,9
DA:83,9
FN:83,LootDrop.fulfillRandomWords
FNDA:9,LootDrop.fulfillRandomWords
DA:84,9
BRDA:84,1,0,1
DA:85,8
BRDA:85,2,0,1
DA:87,7
DA:88,7
BRDA:88,3,0,1
DA:89,1
BRDA:89,4,0,1
DA:91,5
DA:92,5
DA:93,5
DA:95,5
DA:99,15
FN:99,LootDrop.setDropRates
FNDA:15,LootDrop.setDropRates
DA:100,14
BRDA:100,5,0,-
DA:102,14
DA:103,14
DA:104,46
BRDA:104,6,0,-
DA:105,46
DA:107,14
BRDA:107,7,0,1
DA:109,13
DA:110,13
DA:112,13
DA:116,3
FN:116,LootDrop.setLootFee
FNDA:3,LootDrop.setLootFee
DA:117,2
DA:118,2
DA:119,2
DA:123,3
FN:123,LootDrop.setTreasury
FNDA:3,LootDrop.setTreasury
DA:124,3
DA:125,3
DA:126,2
DA:130,1
FN:130,LootDrop.setCoordinator
FNDA:1,LootDrop.setCoordinator
DA:131,1
DA:132,1
DA:133,1
DA:137,1
FN:137,LootDrop.getDropRates
FNDA:1,LootDrop.getDropRates
DA:138,1
DA:141,5
FN:141,LootDrop._selectItem
FNDA:5,LootDrop._selectItem
DA:142,5
BRDA:142,8,0,-
DA:144,5
DA:145,5
DA:147,5
DA:148,12
DA:149,12
BRDA:149,9,0,5
DA:150,5
DA:154,0
DA:157,16
FN:157,LootDrop._setTreasury
FNDA:16,LootDrop._setTreasury
DA:158,16
BRDA:158,10,0,1
DA:159,15
FNF:10
FNH:10
LF:61
LH:60
BRF:11
BRH:8
end_of_record
TN:
SF:src/loot/mocks/MockLootVRFCoordinator.sol
DA:13,9
FN:13,MockLootVRFCoordinator.requestRandomWords
FNDA:9,MockLootVRFCoordinator.requestRandomWords
DA:14,9
DA:15,9
DA:18,5
FN:18,MockLootVRFCoordinator.fulfillRequest
FNDA:5,MockLootVRFCoordinator.fulfillRequest
DA:19,5
DA:20,5
BRDA:20,0,0,-
BRDA:20,0,1,5
DA:22,5
DA:23,5
DA:24,5
FNF:2
FNH:2
LF:9
LH:9
BRF:2
BRH:1
end_of_record
TN:
SF:src/math/CraftingMath.sol
DA:7,1
FN:7,CraftingMath.scaleInputs
FNDA:1,CraftingMath.scaleInputs
DA:12,1
DA:13,1
DA:14,2
DA:18,1
FN:18,CraftingMath.scaleOutputs
FNDA:1,CraftingMath.scaleOutputs
DA:23,1
DA:24,1
DA:25,2
FNF:2
FNH:2
LF:8
LH:8
BRF:0
BRH:0
end_of_record
TN:
SF:src/math/GameMath.sol
DA:15,520
FN:15,GameMath.calculateFeeSolidity
FNDA:520,GameMath.calculateFeeSolidity
DA:16,520
DA:20,258
FN:20,GameMath.min
FNDA:258,GameMath.min
DA:21,258
DA:25,4
FN:25,GameMath.sqrt
FNDA:4,GameMath.sqrt
DA:26,4
FNF:3
FNH:3
LF:6
LH:6
BRF:0
BRH:0
end_of_record
TN:
SF:src/math/GameMathYul.sol
DA:16,520
FN:16,GameMathYul.calculateFeeYul
FNDA:520,GameMathYul.calculateFeeYul
DA:18,520
BRDA:18,0,0,1
DA:19,1
DA:20,1
DA:23,519
DA:28,258
FN:28,GameMathYul.minYul
FNDA:258,GameMathYul.minYul
DA:30,258
FNF:2
FNH:2
LF:7
LH:7
BRF:1
BRH:1
end_of_record
TN:
SF:src/math/ResourceMath.sol
DA:7,2
FN:7,ResourceMath.quoteLiquidity
FNDA:2,ResourceMath.quoteLiquidity
DA:12,2
BRDA:12,0,0,1
DA:13,1
DA:15,1
DA:16,1
DA:17,1
DA:20,1
FN:20,ResourceMath.getAmountOut
FNDA:1,ResourceMath.getAmountOut
DA:25,1
DA:26,1
DA:29,3
FN:29,ResourceMath.totalLiquidity
FNDA:3,ResourceMath.totalLiquidity
DA:30,3
FNF:3
FNH:3
LF:11
LH:11
BRF:1
BRH:1
end_of_record
TN:
SF:src/oracle/PriceOracle.sol
DA:37,9
FN:37,PriceOracle.constructor
FNDA:9,PriceOracle.constructor
DA:38,9
DA:39,9
DA:45,6
FN:45,PriceOracle.getLatestPrice
FNDA:6,PriceOracle.getLatestPrice
DA:46,6
DA:52,1
FN:52,PriceOracle.getLatestPrice18Decimals
FNDA:1,PriceOracle.getLatestPrice18Decimals
DA:53,1
DA:54,1
DA:56,1
BRDA:56,0,0,-
DA:57,0
DA:59,1
BRDA:59,1,0,1
DA:60,1
DA:62,0
DA:67,2
FN:67,PriceOracle.setMaxStaleness
FNDA:2,PriceOracle.setMaxStaleness
DA:68,1
DA:69,1
DA:70,1
DA:75,1
FN:75,PriceOracle.setFeed
FNDA:1,PriceOracle.setFeed
DA:76,1
DA:77,1
DA:78,1
DA:81,7
FN:81,PriceOracle._readPrice
FNDA:7,PriceOracle._readPrice
DA:82,7
DA:83,7
BRDA:83,2,0,2
DA:84,5
BRDA:84,3,0,1
DA:85,4
BRDA:85,4,0,1
DA:86,1
DA:89,3
DA:92,10
FN:92,PriceOracle._setFeed
FNDA:10,PriceOracle._setFeed
DA:93,10
BRDA:93,5,0,-
DA:94,10
DA:97,10
FN:97,PriceOracle._setMaxStaleness
FNDA:10,PriceOracle._setMaxStaleness
DA:98,10
BRDA:98,6,0,-
DA:99,10
FNF:8
FNH:8
LF:34
LH:32
BRF:7
BRH:4
end_of_record
TN:
SF:src/oracle/mocks/MockV3Aggregator.sol
DA:17,10
FN:17,MockV3Aggregator.constructor
FNDA:10,MockV3Aggregator.constructor
DA:18,10
DA:19,10
DA:23,12
FN:23,MockV3Aggregator.updateAnswer
FNDA:12,MockV3Aggregator.updateAnswer
DA:24,12
DA:25,12
DA:26,12
DA:27,12
DA:28,12
DA:32,1
FN:32,MockV3Aggregator.updateRoundData
FNDA:1,MockV3Aggregator.updateRoundData
DA:39,1
DA:40,1
DA:41,1
DA:42,1
DA:43,1
DA:47,7
FN:47,MockV3Aggregator.latestRoundData
FNDA:7,MockV3Aggregator.latestRoundData
DA:53,7
FNF:4
FNH:4
LF:17
LH:17
BRF:0
BRH:0
end_of_record
TN:
SF:src/token/GameGovernanceToken.sol
DA:20,12
FN:20,GameGovernanceToken.constructor
FNDA:12,GameGovernanceToken.constructor
DA:24,12
DA:25,12
DA:26,12
DA:32,258
FN:32,GameGovernanceToken.mint
FNDA:258,GameGovernanceToken.mint
DA:33,257
DA:37,274
FN:37,GameGovernanceToken._update
FNDA:274,GameGovernanceToken._update
DA:38,274
DA:42,2
FN:42,GameGovernanceToken.nonces
FNDA:2,GameGovernanceToken.nonces
DA:43,2
FNF:4
FNH:4
LF:10
LH:10
BRF:0
BRH:0
end_of_record
TN:
SF:src/token/GameItems.sol
DA:63,58
FN:63,GameItems.constructor
FNDA:58,GameItems.constructor
DA:64,58
DA:65,58
DA:66,58
DA:67,58
DA:68,58
DA:76,8130
FN:76,GameItems.mint
FNDA:8130,GameItems.mint
DA:77,8129
DA:78,8129
DA:86,2
FN:86,GameItems.mintBatch
FNDA:2,GameItems.mintBatch
DA:90,2
DA:91,2
DA:98,2982
FN:98,GameItems.burn
FNDA:2982,GameItems.burn
DA:99,2981
DA:100,2981
DA:107,263
FN:107,GameItems.burnBatch
FNDA:263,GameItems.burnBatch
DA:108,263
DA:109,262
DA:115,2
FN:115,GameItems.setTokenURI
FNDA:2,GameItems.setTokenURI
DA:116,1
DA:117,1
DA:122,0
FN:122,GameItems.setBaseURI
FNDA:0,GameItems.setBaseURI
DA:123,0
DA:124,0
DA:128,1
FN:128,GameItems.uri
FNDA:1,GameItems.uri
DA:129,2
DA:133,2
FN:133,GameItems.supportsInterface
FNDA:2,GameItems.supportsInterface
DA:134,2
DA:137,12699
FN:137,GameItems._update
FNDA:12699,GameItems._update
DA:141,12699
FNF:10
FNH:9
LF:30
LH:27
BRF:0
BRH:0
end_of_record
TN:
SF:src/token/GoldToken.sol
DA:17,89
FN:17,GoldToken.constructor
FNDA:89,GoldToken.constructor
DA:18,89
DA:19,89
DA:20,89
DA:26,9953
FN:26,GoldToken.mint
FNDA:9953,GoldToken.mint
DA:27,9952
FNF:2
FNH:2
LF:6
LH:6
BRF:0
BRH:0
end_of_record
TN:
SF:src/token/IronToken.sol
DA:17,28
FN:17,IronToken.constructor
FNDA:28,IronToken.constructor
DA:18,28
DA:19,28
DA:20,28
DA:26,1910
FN:26,IronToken.mint
FNDA:1910,IronToken.mint
DA:27,1910
FNF:2
FNH:2
LF:6
LH:6
BRF:0
BRH:0
end_of_record
TN:
SF:src/token/ItemRegistry.sol
DA:14,2
FN:14,ItemRegistry.constructor
FNDA:2,ItemRegistry.constructor
DA:15,2
DA:16,2
DA:19,2
FN:19,ItemRegistry.setItemConfig
FNDA:2,ItemRegistry.setItemConfig
DA:20,1
DA:21,1
DA:24,1
FN:24,ItemRegistry.getItemConfig
FNDA:1,ItemRegistry.getItemConfig
DA:25,1
FNF:3
FNH:3
LF:8
LH:8
BRF:0
BRH:0
end_of_record
TN:
SF:src/token/ResourceToken.sol
DA:11,1
FN:11,ResourceToken.constructor
FNDA:1,ResourceToken.constructor
DA:12,1
DA:13,1
DA:14,1
DA:17,2
FN:17,ResourceToken.mint
FNDA:2,ResourceToken.mint
DA:18,1
DA:21,2
FN:21,ResourceToken.burnFrom
FNDA:2,ResourceToken.burnFrom
DA:22,1
FNF:3
FNH:3
LF:8
LH:8
BRF:0
BRH:0
end_of_record
TN:
SF:src/token/WoodToken.sol
DA:17,9
FN:17,WoodToken.constructor
FNDA:9,WoodToken.constructor
DA:18,9
DA:19,9
DA:20,9
DA:26,1
FN:26,WoodToken.mint
FNDA:1,WoodToken.mint
DA:27,1
FNF:2
FNH:2
LF:6
LH:6
BRF:0
BRH:0
end_of_record
TN:
SF:src/upgrade/GameConfigV1.sol
DA:31,15
FN:31,GameConfigV1.constructor
FNDA:15,GameConfigV1.constructor
DA:32,15
DA:36,12
FN:36,GameConfigV1.initialize
FNDA:12,GameConfigV1.initialize
DA:47,11
DA:49,11
DA:50,11
DA:51,11
DA:52,11
DA:53,11
DA:54,11
DA:55,11
DA:56,11
DA:60,2
FN:60,GameConfigV1.setCraftingFee
FNDA:2,GameConfigV1.setCraftingFee
DA:61,2
DA:62,2
DA:66,2
FN:66,GameConfigV1.setMarketplaceFeeBps
FNDA:2,GameConfigV1.setMarketplaceFeeBps
DA:67,2
DA:68,2
DA:72,1
FN:72,GameConfigV1.setRentalFeeBps
FNDA:1,GameConfigV1.setRentalFeeBps
DA:73,1
DA:74,1
DA:78,2
FN:78,GameConfigV1.setLootFee
FNDA:2,GameConfigV1.setLootFee
DA:79,1
DA:80,1
DA:84,1
FN:84,GameConfigV1.setTreasury
FNDA:1,GameConfigV1.setTreasury
DA:85,1
DA:86,1
DA:87,1
DA:91,1
FN:91,GameConfigV1.setMaxStaleness
FNDA:1,GameConfigV1.setMaxStaleness
DA:92,1
DA:93,1
DA:97,1
FN:97,GameConfigV1.setCraftingEnabled
FNDA:1,GameConfigV1.setCraftingEnabled
DA:98,1
DA:99,1
DA:103,1
FN:103,GameConfigV1.setLootEnabled
FNDA:1,GameConfigV1.setLootEnabled
DA:104,1
DA:105,1
DA:108,12
FN:108,GameConfigV1._setTreasury
FNDA:12,GameConfigV1._setTreasury
DA:109,12
BRDA:109,0,0,-
BRDA:109,0,1,12
DA:110,12
DA:113,4
FN:113,GameConfigV1._authorizeUpgrade
FNDA:4,GameConfigV1._authorizeUpgrade
FNF:12
FNH:12
LF:41
LH:41
BRF:2
BRH:1
end_of_record
TN:
SF:src/upgrade/GameConfigV2.sol
DA:14,2
FN:14,GameConfigV2.setMaxCraftPerDay
FNDA:2,GameConfigV2.setMaxCraftPerDay
DA:15,2
DA:16,2
FNF:1
FNH:1
LF:3
LH:3
BRF:0
BRH:0
end_of_record
TN:
SF:src/vault/GuildTreasuryVaultV1.sol
DA:25,10
FN:25,GuildTreasuryVaultV1.initialize
FNDA:10,GuildTreasuryVaultV1.initialize
DA:26,10
DA:27,10
DA:28,10
DA:29,10
DA:32,2
FN:32,GuildTreasuryVaultV1.feeRecipient
FNDA:2,GuildTreasuryVaultV1.feeRecipient
DA:33,2
DA:36,4
FN:36,GuildTreasuryVaultV1.accruedFees
FNDA:4,GuildTreasuryVaultV1.accruedFees
DA:37,4
DA:40,1
FN:40,GuildTreasuryVaultV1.decimals
FNDA:1,GuildTreasuryVaultV1.decimals
DA:41,1
DA:44,2
FN:44,GuildTreasuryVaultV1.setFeeRecipient
FNDA:2,GuildTreasuryVaultV1.setFeeRecipient
DA:45,1
DA:46,1
DA:49,1
FN:49,GuildTreasuryVaultV1.collectFees
FNDA:1,GuildTreasuryVaultV1.collectFees
DA:50,1
DA:51,1
DA:52,1
DA:55,6
FN:55,GuildTreasuryVaultV1._authorizeUpgrade
FNDA:6,GuildTreasuryVaultV1._authorizeUpgrade
FNF:7
FNH:7
LF:19
LH:19
BRF:0
BRH:0
end_of_record
TN:
SF:src/vault/GuildTreasuryVaultV2.sol
DA:13,2
FN:13,GuildTreasuryVaultV2.setDepositCap
FNDA:2,GuildTreasuryVaultV2.setDepositCap
DA:14,1
DA:15,1
DA:18,4
FN:18,GuildTreasuryVaultV2.setWithdrawalFeeBps
FNDA:4,GuildTreasuryVaultV2.setWithdrawalFeeBps
DA:19,4
BRDA:19,0,0,1
BRDA:19,0,1,3
DA:20,3
DA:21,3
DA:24,3
FN:24,GuildTreasuryVaultV2.maxDeposit
FNDA:3,GuildTreasuryVaultV2.maxDeposit
DA:25,5
BRDA:25,1,0,1
DA:26,1
DA:28,4
DA:29,4
BRDA:29,2,0,2
DA:30,2
DA:32,2
DA:35,3
FN:35,GuildTreasuryVaultV2.previewWithdraw
FNDA:3,GuildTreasuryVaultV2.previewWithdraw
DA:36,5
DA:37,5
DA:40,2
FN:40,GuildTreasuryVaultV2.previewRedeem
FNDA:2,GuildTreasuryVaultV2.previewRedeem
DA:41,4
DA:42,4
DA:43,4
DA:46,2
FN:46,GuildTreasuryVaultV2._withdraw
FNDA:2,GuildTreasuryVaultV2._withdraw
DA:50,2
DA:51,2
DA:52,2
DA:55,7
FN:55,GuildTreasuryVaultV2._grossUp
FNDA:7,GuildTreasuryVaultV2._grossUp
DA:56,7
BRDA:56,3,0,1
DA:57,1
DA:59,6
FNF:7
FNH:7
LF:29
LH:29
BRF:5
BRH:5
end_of_record
TN:
SF:src/vault/ItemRentalVault.sol
DA:96,22
FN:96,ItemRentalVault.constructor
FNDA:22,ItemRentalVault.constructor
DA:99,22
DA:100,22
DA:101,22
DA:102,22
DA:105,5008
FN:105,ItemRentalVault.listItemForRent
FNDA:5008,ItemRentalVault.listItemForRent
DA:110,5008
BRDA:110,0,0,-
DA:111,5008
BRDA:111,1,0,-
DA:113,5008
DA:114,5008
DA:124,5008
DA:126,1060
DA:129,535
FN:129,ItemRentalVault.rentItem
FNDA:535,ItemRentalVault.rentItem
DA:130,535
BRDA:130,2,0,1
DA:132,534
DA:133,534
BRDA:133,3,0,1
DA:134,533
BRDA:134,4,0,-
DA:135,533
BRDA:135,5,0,1
DA:137,532
DA:138,532
DA:139,532
DA:141,532
DA:142,532
DA:152,532
DA:153,532
DA:154,532
DA:155,532
DA:157,532
DA:158,532
BRDA:158,6,0,532
DA:159,532
DA:162,532
DA:165,155
FN:165,ItemRentalVault.endRental
FNDA:155,ItemRentalVault.endRental
DA:166,154
DA:167,154
BRDA:167,7,0,1
DA:168,153
BRDA:168,8,0,-
DA:170,153
DA:172,153
DA:173,153
DA:174,153
DA:176,153
DA:178,153
DA:181,111
FN:181,ItemRentalVault.cancelListing
FNDA:111,ItemRentalVault.cancelListing
DA:182,111
DA:183,111
BRDA:183,9,0,-
DA:184,111
BRDA:184,10,0,-
DA:186,111
DA:187,111
DA:189,111
DA:191,111
DA:194,90
FN:194,ItemRentalVault.claimEarnings
FNDA:90,ItemRentalVault.claimEarnings
DA:195,90
DA:196,90
BRDA:196,11,0,-
DA:198,90
DA:199,90
DA:201,90
DA:204,0
FN:204,ItemRentalVault.setProtocolFeeBps
FNDA:0,ItemRentalVault.setProtocolFeeBps
DA:205,0
DA:208,0
FN:208,ItemRentalVault.setTreasury
FNDA:0,ItemRentalVault.setTreasury
DA:209,0
DA:212,22
FN:212,ItemRentalVault._setProtocolFeeBps
FNDA:22,ItemRentalVault._setProtocolFeeBps
DA:213,22
BRDA:213,12,0,-
DA:214,22
DA:215,22
DA:218,22
FN:218,ItemRentalVault._setTreasury
FNDA:22,ItemRentalVault._setTreasury
DA:219,22
DA:220,22
FNF:10
FNH:8
LF:66
LH:62
BRF:13
BRH:5
end_of_record
TN:
SF:src/vault/RentalEscrow.sol
DA:12,2
FN:12,RentalEscrow.releaseNative
FNDA:2,RentalEscrow.releaseNative
DA:13,1
FNF:1
FNH:1
LF:2
LH:2
BRF:0
BRH:0
end_of_record
TN:
SF:test/governance/GovernorTest.t.sol
DA:14,16
FN:14,MockGovToken.constructor.0
FNDA:16,MockGovToken.constructor.0
DA:15,16
DA:18,321
FN:18,MockGovToken._update
FNDA:321,MockGovToken._update
DA:19,321
DA:22,0
FN:22,MockGovToken.nonces
FNDA:0,MockGovToken.nonces
DA:23,0
DA:33,16
FN:33,GameParams.constructor.1
FNDA:16,GameParams.constructor.1
DA:34,16
DA:37,0
FN:37,GameParams.onlyTimelock
FNDA:0,GameParams.onlyTimelock
DA:38,0
BRDA:38,0,0,-
BRDA:38,0,1,1
DA:42,1
FN:42,GameParams.setDropRate
FNDA:1,GameParams.setDropRate
DA:43,1
DA:46,0
FN:46,GameParams.setCraftingCost
FNDA:0,GameParams.setCraftingCost
DA:47,0
FNF:7
FNH:4
LF:14
LH:8
BRF:2
BRH:1
end_of_record
TN:
SF:test/invariant/AMMInvariant.t.sol
DA:14,1
FN:14,AMMHandler.constructor
FNDA:1,AMMHandler.constructor
DA:15,1
DA:16,1
DA:17,1
DA:18,1
DA:19,1
DA:22,1978
FN:22,AMMHandler.swap0For1
FNDA:1978,AMMHandler.swap0For1
DA:23,1978
DA:24,1978
DA:25,1978
BRDA:25,0,0,1978
DA:28,1877
FN:28,AMMHandler.swap1For0
FNDA:1877,AMMHandler.swap1For0
DA:29,1877
DA:30,1877
DA:31,1877
BRDA:31,1,0,1877
FNF:3
FNH:3
LF:14
LH:14
BRF:2
BRH:2
end_of_record
TN:
SF:test/invariant/GameSystemInvariant.t.sol
DA:18,3
FN:18,RentalHandler.constructor.0
FNDA:3,RentalHandler.constructor.0
DA:19,3
DA:20,3
DA:21,3
DA:23,3
DA:24,3
DA:25,3
DA:26,3
DA:29,3948
FN:29,RentalHandler.listAndRent
FNDA:3948,RentalHandler.listAndRent
DA:30,3948
DA:31,3948
DA:33,3948
DA:34,3948
DA:36,3948
DA:37,3948
DA:38,0
DA:39,0
BRDA:39,0,0,-
DA:49,3
FN:49,GameItemsHandler.constructor.1
FNDA:3,GameItemsHandler.constructor.1
DA:50,3
DA:53,3843
FN:53,GameItemsHandler.mintWood
FNDA:3843,GameItemsHandler.mintWood
DA:54,3843
DA:55,3843
DA:56,3843
DA:59,3765
FN:59,GameItemsHandler.burnWood
FNDA:3765,GameItemsHandler.burnWood
DA:60,3765
DA:61,3765
BRDA:61,1,0,786
DA:62,2979
DA:63,2979
DA:64,2979
FNF:5
FNH:5
LF:29
LH:27
BRF:2
BRH:1
end_of_record
TN:
SF:test/invariant/ItemRentalVault.invariant.t.sol
DA:22,1
FN:22,ItemRentalVaultHandler.constructor
FNDA:1,ItemRentalVaultHandler.constructor
DA:23,1
DA:24,1
DA:25,1
DA:26,1
DA:27,1
DA:29,1
DA:30,1
DA:31,1
DA:33,1
DA:34,1
DA:36,1
DA:37,1
DA:38,3
DA:39,3
DA:40,3
DA:42,1
DA:44,1
DA:45,3
DA:46,3
DA:47,3
DA:48,3
DA:52,800
FN:52,ItemRentalVaultHandler.listItem
FNDA:800,ItemRentalVaultHandler.listItem
DA:53,800
DA:54,800
DA:55,800
DA:56,800
BRDA:56,0,0,11
DA:58,789
DA:59,789
DA:60,789
DA:62,789
DA:63,789
DA:66,740
FN:66,ItemRentalVaultHandler.rentItem
FNDA:740,ItemRentalVaultHandler.rentItem
DA:67,740
DA:68,740
BRDA:68,1,0,233
DA:70,507
DA:71,507
DA:72,507
BRDA:72,2,0,241
DA:74,266
DA:75,266
BRDA:75,3,0,84
DA:76,84
DA:79,266
DA:80,266
DA:82,266
DA:83,266
BRDA:83,4,0,266
DA:86,734
FN:86,ItemRentalVaultHandler.endRental
FNDA:734,ItemRentalVaultHandler.endRental
DA:87,734
DA:88,734
BRDA:88,5,0,470
DA:90,264
DA:91,264
DA:92,264
BRDA:92,6,0,115
DA:94,149
DA:95,149
DA:98,777
FN:98,ItemRentalVaultHandler.cancelListing
FNDA:777,ItemRentalVaultHandler.cancelListing
DA:99,777
DA:100,777
BRDA:100,7,0,224
DA:102,553
DA:103,553
DA:104,553
BRDA:104,8,0,247
DA:106,306
DA:107,306
BRDA:107,9,0,197
DA:109,109
DA:110,109
DA:113,804
FN:113,ItemRentalVaultHandler.claimEarnings
FNDA:804,ItemRentalVaultHandler.claimEarnings
DA:114,804
DA:115,804
BRDA:115,10,0,715
DA:117,89
DA:118,89
DA:121,0
FN:121,ItemRentalVaultHandler.actorCount
FNDA:0,ItemRentalVaultHandler.actorCount
DA:122,0
DA:125,0
FN:125,ItemRentalVaultHandler.itemIdAt
FNDA:0,ItemRentalVaultHandler.itemIdAt
DA:126,0
DA:129,0
FN:129,ItemRentalVaultHandler.itemCount
FNDA:0,ItemRentalVaultHandler.itemCount
DA:130,0
DA:133,3957
FN:133,ItemRentalVaultHandler.bound
FNDA:3957,ItemRentalVaultHandler.bound
DA:134,3957
BRDA:134,11,0,728
DA:135,3229
DA:138,3
FN:138,ItemRentalVaultHandler.makeAddr
FNDA:3,ItemRentalVaultHandler.makeAddr
DA:139,3
FNF:11
FNH:8
LF:79
LH:73
BRF:12
BRH:12
end_of_record
TN:
SF:test/invariant/VaultInvariant.t.sol
DA:14,2
FN:14,VaultHandler.constructor
FNDA:2,VaultHandler.constructor
DA:15,2
DA:16,2
DA:17,2
DA:20,3956
FN:20,VaultHandler.deposit
FNDA:3956,VaultHandler.deposit
DA:21,3956
DA:22,3956
DA:23,3956
BRDA:23,0,0,3956
DA:26,3754
FN:26,VaultHandler.withdraw
FNDA:3754,VaultHandler.withdraw
DA:27,3754
DA:28,3754
BRDA:28,1,0,516
DA:29,3238
DA:30,3238
BRDA:30,2,0,3238
FNF:3
FNH:3
LF:13
LH:13
BRF:3
BRH:3
end_of_record
TN:
SF:test/security/AccessControlBeforeAfter.t.sol
DA:11,1
FN:11,VulnerableGameConfig.setCraftingFee.0
FNDA:1,VulnerableGameConfig.setCraftingFee.0
DA:12,1
DA:21,2
FN:21,FixedGameConfig.setCraftingFee.1
FNDA:2,FixedGameConfig.setCraftingFee.1
DA:22,1
FNF:2
FNH:2
LF:4
LH:4
BRF:0
BRH:0
end_of_record
TN:
SF:test/security/ReentrancyBeforeAfter.t.sol
DA:10,2
FN:10,VulnerableBank.deposit.0
FNDA:2,VulnerableBank.deposit.0
DA:11,2
DA:14,4
FN:14,VulnerableBank.withdraw.0
FNDA:4,VulnerableBank.withdraw.0
DA:15,4
DA:16,4
BRDA:16,0,0,-
BRDA:16,0,1,4
DA:19,4
DA:20,4
BRDA:20,1,0,-
BRDA:20,1,1,4
DA:22,4
DA:29,2
FN:29,FixedBank.deposit.1
FNDA:2,FixedBank.deposit.1
DA:30,2
DA:33,2
FN:33,FixedBank.withdraw.1
FNDA:2,FixedBank.withdraw.1
DA:34,1
DA:35,1
BRDA:35,2,0,-
BRDA:35,2,1,1
DA:38,1
DA:39,1
DA:40,1
BRDA:40,3,0,1
BRDA:40,3,1,-
DA:53,2
FN:53,ReentrancyAttacker.constructor
FNDA:2,ReentrancyAttacker.constructor
DA:54,2
DA:57,2
FN:57,ReentrancyAttacker.attack
FNDA:2,ReentrancyAttacker.attack
DA:58,2
DA:59,2
DA:62,5
FN:62,ReentrancyAttacker.receive
FNDA:5,ReentrancyAttacker.receive
DA:63,5
BRDA:63,4,0,4
DA:64,4
DA:65,4
FNF:7
FNH:7
LF:25
LH:25
BRF:9
BRH:5
end_of_record
TN:
SF:test/unit/GovernanceSupport.t.sol
DA:17,1
FN:17,GovernorBox.setValue
FNDA:1,GovernorBox.setValue
DA:18,1
FNF:1
FNH:1
LF:2
LH:2
BRF:0
BRH:0
end_of_record
TN:
SF:test/unit/ItemRentalVault.t.sol
DA:16,1
FN:16,ReentrantLender.constructor
FNDA:1,ReentrantLender.constructor
DA:17,1
DA:18,1
DA:21,1
FN:21,ReentrantLender.approveVault
FNDA:1,ReentrantLender.approveVault
DA:22,1
DA:25,1
FN:25,ReentrantLender.listItem
FNDA:1,ReentrantLender.listItem
DA:29,1
DA:32,1
FN:32,ReentrantLender.setTargetRental
FNDA:1,ReentrantLender.setTargetRental
DA:33,1
DA:36,2
FN:36,ReentrantLender.onERC1155Received
FNDA:2,ReentrantLender.onERC1155Received
DA:37,2
BRDA:37,0,0,1
DA:38,1
DA:39,1
BRDA:39,1,0,1
DA:41,2
DA:44,0
FN:44,ReentrantLender.onERC1155BatchReceived
FNDA:0,ReentrantLender.onERC1155BatchReceived
DA:49,0
DA:52,0
FN:52,ReentrantLender.supportsInterface
FNDA:0,ReentrantLender.supportsInterface
DA:53,0
FNF:7
FNH:5
LF:18
LH:14
BRF:2
BRH:2
end_of_record
TN:
SF:test/unit/SupportContracts.t.sol
DA:22,2
FN:22,TransferLibHarness.safeTransferNative
FNDA:2,TransferLibHarness.safeTransferNative
DA:23,2
DA:26,1
FN:26,TransferLibHarness.safeTransferERC20
FNDA:1,TransferLibHarness.safeTransferERC20
DA:27,1
DA:30,1
FN:30,TransferLibHarness.safeTransferFromERC20
FNDA:1,TransferLibHarness.safeTransferFromERC20
DA:31,1
DA:38,2
FN:38,ValidationLibHarness.requireNonZero
FNDA:2,ValidationLibHarness.requireNonZero
DA:39,2
DA:42,2
FN:42,ValidationLibHarness.requireAmount
FNDA:2,ValidationLibHarness.requireAmount
DA:43,2
DA:46,2
FN:46,ValidationLibHarness.requireMatchingLengths
FNDA:2,ValidationLibHarness.requireMatchingLengths
DA:47,2
DA:52,1
FN:52,CraftingMathHarness.scaleInputs
FNDA:1,CraftingMathHarness.scaleInputs
DA:57,1
DA:60,1
FN:60,CraftingMathHarness.scaleOutputs
FNDA:1,CraftingMathHarness.scaleOutputs
DA:65,1
DA:70,2
FN:70,ResourceMathHarness.quoteLiquidity
FNDA:2,ResourceMathHarness.quoteLiquidity
DA:75,2
DA:78,1
FN:78,ResourceMathHarness.getAmountOut
FNDA:1,ResourceMathHarness.getAmountOut
DA:83,1
DA:86,1
FN:86,ResourceMathHarness.totalLiquidity
FNDA:1,ResourceMathHarness.totalLiquidity
DA:87,1
DA:96,1
FN:96,RevertingNativeReceiver.receive
FNDA:1,RevertingNativeReceiver.receive
DA:97,1
FNF:12
FNH:12
LF:24
LH:24
BRF:0
BRH:0
end_of_record
